This is LuaTeX, Version 1.0.0 (MiKTeX 2.9.6100 64-bit)  (format=lualatex 2017.4.25)  18 SEP 2017 20:29
 restricted system commands enabled.
**"Household narrow framing 7th.tex"
("./Household narrow framing 7th.tex"
LaTeX2e <2016/03/31> patch level 3
Babel <3.9r> and hyphenation patterns for 1 language(s) loaded.
("C:/Program Files/MiKTeX 2.9/tex/latex/base/article.cls"
Document Class: article 2014/09/29 v1.4h Standard LaTeX document class
("C:/Program Files/MiKTeX 2.9/tex/latex/base/size11.clo"
File: size11.clo 2014/09/29 v1.4h Standard LaTeX file (size option)
)
\c@part=\count79
\c@section=\count80
\c@subsection=\count81
\c@subsubsection=\count82
\c@paragraph=\count83
\c@subparagraph=\count84
\c@figure=\count85
\c@table=\count86
\abovecaptionskip=\skip41
\belowcaptionskip=\skip42
\bibindent=\dimen102
)
("C:/Program Files/MiKTeX 2.9/tex/latex/amsfonts/amsfonts.sty"
Package: amsfonts 2013/01/14 v3.01 Basic AMSFonts support
\@emptytoks=\toks14
\symAMSa=\mathgroup4
\symAMSb=\mathgroup5
LaTeX Font Info:    Overwriting math alphabet `\mathfrak' in version `bold'
(Font)                  U/euf/m/n --> U/euf/b/n on input line 106.
)
("C:/Program Files/MiKTeX 2.9/tex/latex/amsmath/amsmath.sty"
Package: amsmath 2016/06/28 v2.15d AMS math features
\@mathmargin=\skip43

For additional information on amsmath, use the `?' option.
("C:/Program Files/MiKTeX 2.9/tex/latex/amsmath/amstext.sty"
Package: amstext 2000/06/29 v2.01 AMS text

("C:/Program Files/MiKTeX 2.9/tex/latex/amsmath/amsgen.sty"
File: amsgen.sty 1999/11/30 v2.0 generic functions
\@emptytoks=\toks15
\ex@=\dimen103
))
("C:/Program Files/MiKTeX 2.9/tex/latex/amsmath/amsbsy.sty"
Package: amsbsy 1999/11/29 v1.2d Bold Symbols
\pmbraise@=\dimen104
)
("C:/Program Files/MiKTeX 2.9/tex/latex/amsmath/amsopn.sty"
Package: amsopn 2016/03/08 v2.02 operator names
)
\inf@bad=\count87
LaTeX Info: Redefining \frac on input line 199.
\uproot@=\count88
\leftroot@=\count89
LaTeX Info: Redefining \overline on input line 297.
\classnum@=\count90
\DOTSCASE@=\count91
LaTeX Info: Redefining \ldots on input line 394.
LaTeX Info: Redefining \dots on input line 397.
LaTeX Info: Redefining \cdots on input line 518.
\Mathstrutbox@=\box26
\strutbox@=\box27
\big@size=\dimen105
LaTeX Font Info:    Redeclaring font encoding OML on input line 634.
LaTeX Font Info:    Redeclaring font encoding OMS on input line 635.
\macc@depth=\count92
\c@MaxMatrixCols=\count93
\dotsspace@=\muskip10
\c@parentequation=\count94
\dspbrk@lvl=\count95
\tag@help=\toks16
\row@=\count96
\column@=\count97
\maxfields@=\count98
\andhelp@=\toks17
\eqnshift@=\dimen106
\alignsep@=\dimen107
\tagshift@=\dimen108
\tagwidth@=\dimen109
\totwidth@=\dimen110
\lineht@=\dimen111
\@envbody=\toks18
\multlinegap=\skip44
\multlinetaggap=\skip45
\mathdisplay@stack=\toks19
LaTeX Info: Redefining \[ on input line 2739.
LaTeX Info: Redefining \] on input line 2740.
)
("C:/Program Files/MiKTeX 2.9/tex/latex/endnotes/endnotes.sty"
\c@endnote=\count99
\endnotesep=\dimen112
\@enotes=\write3
)
("C:/Program Files/MiKTeX 2.9/tex/latex/graphics/color.sty"
Package: color 2016/07/10 v1.1e Standard LaTeX Color (DPC)

("C:/Program Files/MiKTeX 2.9/tex/latex/graphics-cfg/color.cfg"
File: color.cfg 2016/01/02 v1.6 sample color configuration
)
Package color Info: Driver file: luatex.def on input line 147.

("C:/Program Files/MiKTeX 2.9/tex/latex/graphics-def/luatex.def"
File: luatex.def 2016/08/17 v0.01g Graphics/Color for luaTeX

("C:/Program Files/MiKTeX 2.9/tex/generic/oberdiek/infwarerr.sty"
Package: infwarerr 2016/05/16 v1.4 Providing info/warning/error messages (HO)
)
("C:/Program Files/MiKTeX 2.9/tex/generic/oberdiek/ltxcmds.sty"
Package: ltxcmds 2016/05/16 v1.23 LaTeX kernel commands for general use (HO)
)
\Gread@gobject=\count100
))
("C:/Program Files/MiKTeX 2.9/tex/latex/graphics/graphicx.sty"
Package: graphicx 2014/10/28 v1.0g Enhanced LaTeX Graphics (DPC,SPQR)

("C:/Program Files/MiKTeX 2.9/tex/latex/graphics/keyval.sty"
Package: keyval 2014/10/28 v1.15 key=value parser (DPC)
\KV@toks@=\toks20
)
("C:/Program Files/MiKTeX 2.9/tex/latex/graphics/graphics.sty"
Package: graphics 2016/07/10 v1.0t Standard LaTeX Graphics (DPC,SPQR)

("C:/Program Files/MiKTeX 2.9/tex/latex/graphics/trig.sty"
Package: trig 2016/01/03 v1.10 sin cos tan (DPC)
)
("C:/Program Files/MiKTeX 2.9/tex/latex/graphics-cfg/graphics.cfg"
File: graphics.cfg 2016/06/04 v1.11 sample graphics configuration
)
Package graphics Info: Driver file: luatex.def on input line 99.
)
\Gin@req@height=\dimen113
\Gin@req@width=\dimen114
)
("C:/Program Files/MiKTeX 2.9/tex/latex/geometry/geometry.sty"
Package: geometry 2010/09/12 v5.6 Page Geometry

("C:/Program Files/MiKTeX 2.9/tex/generic/oberdiek/ifpdf.sty"
Package: ifpdf 2016/05/14 v3.1 Provides the ifpdf switch
)
("C:/Program Files/MiKTeX 2.9/tex/generic/oberdiek/ifvtex.sty"
Package: ifvtex 2016/05/16 v1.6 Detect VTeX and its facilities (HO)
Package ifvtex Info: VTeX not detected.
)
("C:/Program Files/MiKTeX 2.9/tex/generic/ifxetex/ifxetex.sty"
Package: ifxetex 2010/09/12 v0.6 Provides ifxetex conditional
)
\Gm@cnth=\count101
\Gm@cntv=\count102
\c@Gm@tempcnt=\count103
\Gm@bindingoffset=\dimen115
\Gm@wd@mp=\dimen116
\Gm@odd@mp=\dimen117
\Gm@even@mp=\dimen118
\Gm@layoutwidth=\dimen119
\Gm@layoutheight=\dimen120
\Gm@layouthoffset=\dimen121
\Gm@layoutvoffset=\dimen122
\Gm@dimlist=\toks21

("C:/Program Files/MiKTeX 2.9/tex/latex/geometry/geometry.cfg"))
("C:/Program Files/MiKTeX 2.9/tex/latex/setspace/setspace.sty"
Package: setspace 2011/12/19 v6.7a set line spacing
)
("C:/Program Files/MiKTeX 2.9/tex/latex/float/float.sty"
Package: float 2001/11/08 v1.3d Float enhancements (AL)
\c@float@type=\count104
\float@exts=\toks22
\float@box=\box28
\@float@everytoks=\toks23
\@floatcapt=\box29
)
("C:/Program Files/MiKTeX 2.9/tex/latex/graphics/rotating.sty"
Package: rotating 2016/05/22 v2.16c rotated objects in LaTeX

("C:/Program Files/MiKTeX 2.9/tex/latex/base/ifthen.sty"
Package: ifthen 2014/09/29 v1.1c Standard LaTeX ifthen package (DPC)
)
\c@r@tfl@t=\count105
\rotFPtop=\skip46
\rotFPbot=\skip47
\rot@float@box=\box30
\rot@mess@toks=\toks24
)
("C:/Program Files/MiKTeX 2.9/tex/latex/natbib/natbib.sty"
Package: natbib 2010/09/13 8.31b (PWD, AO)
\bibhang=\skip48
\bibsep=\skip49
LaTeX Info: Redefining \cite on input line 694.
\c@NAT@ctr=\count106
)
("C:/Program Files/MiKTeX 2.9/tex/latex/tools/longtable.sty"
Package: longtable 2014/10/28 v4.11 Multi-page Table package (DPC)
\LTleft=\skip50
\LTright=\skip51
\LTpre=\skip52
\LTpost=\skip53
\LTchunksize=\count107
\LTcapwidth=\dimen123
\LT@head=\box31
\LT@firsthead=\box32
\LT@foot=\box33
\LT@lastfoot=\box34
\LT@cols=\count108
\LT@rows=\count109
\c@LT@tables=\count110
\c@LT@chunks=\count111
\LT@p@ftn=\toks25
)
("C:/Program Files/MiKTeX 2.9/tex/latex/colortbl/colortbl.sty"
Package: colortbl 2012/02/13 v1.0a Color table columns (DPC)

("C:/Program Files/MiKTeX 2.9/tex/latex/tools/array.sty"
Package: array 2014/10/28 v2.4c Tabular extension package (FMi)
\col@sep=\dimen124
\extrarowheight=\dimen125
\NC@list=\toks26
\extratabsurround=\skip54
\backup@length=\skip55
)
\everycr=\toks27
\minrowclearance=\skip56
)
("C:/Program Files/MiKTeX 2.9/tex/latex/multirow/multirow.sty"
Package: multirow 2016/10/11 v2.1 Span multiple rows of a table
\multirow@colwidth=\skip57
\multirow@cnta=\count112
\multirow@cntb=\count113
\multirow@dima=\skip58
\bigstrutjot=\dimen126
)
("C:/Program Files/MiKTeX 2.9/tex/latex/booktabs/booktabs.sty"
Package: booktabs 2005/04/14 v1.61803 publication quality tables
\heavyrulewidth=\dimen127
\lightrulewidth=\dimen128
\cmidrulewidth=\dimen129
\belowrulesep=\dimen130
\belowbottomsep=\dimen131
\aboverulesep=\dimen132
\abovetopsep=\dimen133
\cmidrulesep=\dimen134
\cmidrulekern=\dimen135
\defaultaddspace=\dimen136
\@cmidla=\count114
\@cmidlb=\count115
\@aboverulesep=\dimen137
\@belowrulesep=\dimen138
\@thisruleclass=\count116
\@lastruleclass=\count117
\@thisrulewidth=\dimen139
)
\c@definition=\count118
\c@remark=\count119
\c@theorem=\count120
\c@example=\count121
\c@proof=\count122
\c@proposition=\count123
\c@corollary=\count124

("C:/Program Files/MiKTeX 2.9/tex/latex/threeparttable/threeparttable.sty"
Package: threeparttable 2003/06/13  v 3.0
\@tempboxb=\box35
)
("C:/Program Files/MiKTeX 2.9/tex/latex/caption/caption.sty"
Package: caption 2016/02/21 v3.3-144 Customizing captions (AR)

("C:/Program Files/MiKTeX 2.9/tex/latex/caption/caption3.sty"
Package: caption3 2016/05/22 v1.7-166 caption3 kernel (AR)
Package caption3 Info: TeX engine: e-TeX on input line 67.
\captionmargin=\dimen140
\captionmargin@=\dimen141
\captionwidth=\dimen142
\caption@tempdima=\dimen143
\caption@indent=\dimen144
\caption@parindent=\dimen145
\caption@hangindent=\dimen146
)
\c@ContinuedFloat=\count125
Package caption Info: float package is loaded.
Package caption Info: longtable package is loaded.

("C:/Program Files/MiKTeX 2.9/tex/latex/caption/ltcaption.sty"
Package: ltcaption 2013/06/09 v1.4-94 longtable captions (AR)
)
Package caption Info: rotating package is loaded.
Package caption Info: threeparttable package is loaded.
)

LaTeX Warning: Unused global option(s):
    [ukenglish,nottitlepage,thmsb].

("./Household narrow framing 7th.aux"

LaTeX Warning: Label `tab:addlabel' multiply defined.

)
\openout1 = Household narrow framing 7th.aux

LaTeX Font Info:    Checking defaults for OML/cmm/m/it on input line 50.
LaTeX Font Info:    ... okay on input line 50.
LaTeX Font Info:    Checking defaults for T1/cmr/m/n on input line 50.
LaTeX Font Info:    ... okay on input line 50.
LaTeX Font Info:    Checking defaults for OT1/cmr/m/n on input line 50.
LaTeX Font Info:    ... okay on input line 50.
LaTeX Font Info:    Checking defaults for OMS/cmsy/m/n on input line 50.
LaTeX Font Info:    ... okay on input line 50.
LaTeX Font Info:    Checking defaults for OMX/cmex/m/n on input line 50.
LaTeX Font Info:    ... okay on input line 50.
LaTeX Font Info:    Checking defaults for U/cmr/m/n on input line 50.
LaTeX Font Info:    ... okay on input line 50.
 ("C:/Program Files/MiKTeX 2.9/tex/context/base/supp-pdf.mkii"
[Loading MPS to PDF converter (version 2006.09.02).]
\scratchcounter=\count126
\scratchdimen=\dimen147
\scratchbox=\box36
\nofMPsegments=\count127
\nofMParguments=\count128
\everyMPshowfont=\toks28
\MPscratchCnt=\count129
\MPscratchDim=\dimen148
\MPnumerator=\count130
\makeMPintoPDFobject=\count131
\everyMPtoPDFconversion=\toks29
) ("C:/Program Files/MiKTeX 2.9/tex/latex/oberdiek/epstopdf-base.sty"
Package: epstopdf-base 2016/05/15 v2.6 Base part for package epstopdf

("C:/Program Files/MiKTeX 2.9/tex/latex/oberdiek/grfext.sty"
Package: grfext 2016/05/16 v1.2 Manage graphics extensions (HO)

("C:/Program Files/MiKTeX 2.9/tex/generic/oberdiek/kvdefinekeys.sty"
Package: kvdefinekeys 2016/05/16 v1.4 Define keys (HO)
))
("C:/Program Files/MiKTeX 2.9/tex/latex/oberdiek/kvoptions.sty"
Package: kvoptions 2016/05/16 v3.12 Key value format for package options (HO)

("C:/Program Files/MiKTeX 2.9/tex/generic/oberdiek/kvsetkeys.sty"
Package: kvsetkeys 2016/05/16 v1.17 Key value parser (HO)

("C:/Program Files/MiKTeX 2.9/tex/generic/oberdiek/etexcmds.sty"
Package: etexcmds 2016/05/16 v1.6 Avoid name clashes with e-TeX commands (HO)

("C:/Program Files/MiKTeX 2.9/tex/generic/oberdiek/ifluatex.sty"
Package: ifluatex 2016/05/16 v1.4 Provides the ifluatex switch (HO)
Package ifluatex Info: LuaTeX detected.
))))
("C:/Program Files/MiKTeX 2.9/tex/generic/oberdiek/pdftexcmds.sty"
Package: pdftexcmds 2016/05/21 v0.22 Utility functions of pdfTeX for LuaTeX (HO)

Package pdftexcmds Info: \pdf@primitive is available.
Package pdftexcmds Info: \pdf@ifprimitive is available.
Package pdftexcmds Info: \pdfdraftmode found.

("C:/Program Files/MiKTeX 2.9/tex/generic/oberdiek/luatex-loader.sty"
Package: luatex-loader 2016/05/16 v0.6 Lua module loader (HO)

(C:/Program Files/MiKTeX 2.9/scripts/oberdiek/oberdiek.luatex.lua))
\pdftexcmds@toks=\toks30
)
Package epstopdf-base Info: Redefining graphics rule for `.eps' on input line 43
8.
Package grfext Info: Graphics extension search list:
(grfext)             [.png,.pdf,.jpg,.mps,.jpeg,.jbig2,.jb2,.PNG,.PDF,.JPG,.JPEG
,.JBIG2,.JB2,.eps]
(grfext)             \AppendGraphicsExtensions on input line 456.
)
*geometry* driver: auto-detecting
*geometry* detected driver: pdftex
*geometry* verbose mode - [ preamble ] result:
* driver: pdftex
* paper: letterpaper
* layout: <same size as paper>
* layoutoffset:(h,v)=(0.0pt,0.0pt)
* modes: 
* h-part:(L,W,R)=(60.88887pt, 492.51726pt, 60.88887pt)
* v-part:(T,H,B)=(72.2698pt, 650.43037pt, 72.2698pt)
* \paperwidth=614.295pt
* \paperheight=794.96999pt
* \textwidth=492.51726pt
* \textheight=650.43037pt
* \oddsidemargin=-11.38112pt
* \evensidemargin=-11.38112pt
* \topmargin=-37.00018pt
* \headheight=12.0pt
* \headsep=25.0pt
* \topskip=11.0pt
* \footskip=30.0pt
* \marginparwidth=59.0pt
* \marginparsep=10.0pt
* \columnsep=10.0pt
* \skip\footins=10.0pt plus 4.0pt minus 2.0pt
* \hoffset=0.0pt
* \voffset=0.0pt
* \mag=1000
* \@twocolumnfalse
* \@twosidefalse
* \@mparswitchfalse
* \@reversemarginfalse
* (1in=72.27pt=25.4mm, 1cm=28.453pt)

Package caption Info: Begin \AtBeginDocument code.
Package caption Info: End \AtBeginDocument code.
LaTeX Font Info:    Try loading font information for U+msa on input line 60.
("C:/Program Files/MiKTeX 2.9/tex/latex/amsfonts/umsa.fd"
File: umsa.fd 2013/01/14 v3.01 AMS symbols A
)
LaTeX Font Info:    Try loading font information for U+msb on input line 60.

("C:/Program Files/MiKTeX 2.9/tex/latex/amsfonts/umsb.fd"
File: umsb.fd 2013/01/14 v3.01 AMS symbols B
)
LaTeX Font Info:    Try loading font information for OMS+cmr on input line 60.

("C:/Program Files/MiKTeX 2.9/tex/latex/base/omscmr.fd"
File: omscmr.fd 2014/09/29 v2.5h Standard LaTeX font definitions
)
LaTeX Font Info:    Font shape `OMS/cmr/m/n' in size <10> not available
(Font)              Font shape `OMS/cmsy/m/n' tried instead on input line 60.
LaTeX Font Info:    Font shape `OMS/cmr/m/n' in size <8> not available
(Font)              Font shape `OMS/cmsy/m/n' tried instead on input line 60.
LaTeX Font Info:    Font shape `OMS/cmr/m/n' in size <6> not available
(Font)              Font shape `OMS/cmsy/m/n' tried instead on input line 71.

Overfull \hbox (17.0pt too wide) in paragraph at lines 59--75
[]$[]$
 []

[1

{C:/ProgramData/MiKTeX/2.9/pdftex/config/pdftex.map}] [1

] [2] [3] [4]
[5] [6]
Overfull \hbox (16.43123pt too wide) detected at line 184
[] []
 []

[7] [8
Missing character: There is no ’ (U+2019) in font cmr9!
] [9]
Overfull \hbox (13.98209pt too wide) in alignment at lines 294--318
[] [] [] [] [] [] []
 []

[10
Missing character: There is no ’ (U+2019) in font cmr10!
] [11] [12] [13] [14] [15] [16]
Overfull \vbox (25.0713pt too high) has occurred while \output is active []


[17] [18] [19] [20] [21] [22] ("./Household narrow framing 7th.bbl" [23]
[24] [25
Missing character: There is no – (U+2013) in font cmr10!
]) [26] ("./Household narrow framing 7th.aux")

LaTeX Warning: There were multiply-defined labels.

)

Here is how much of LuaTeX's memory you used:
 5182 strings out of 495094
 100000,154059 words of node,token memory allocated
 2600 words of node memory still in use:
   5 hlist, 2 vlist, 2 rule, 317 glue, 1 kern, 46 glue_spec, 1 write nodes
   avail lists: 2:26,3:128,4:41,5:358,6:4119,7:1524,8:287,9:373,10:23,11:391
 8403 multiletter control sequences out of 65536+200000
 79 fonts using 3277115 bytes
 38i,14n,38p,2029b,367s stack positions out of 5000i,500n,10000p,200000b,50000s
<C:/Program Files/MiKTeX 2.9/fonts/type1/public/amsfonts/cm/cmbx10.pfb><C:/Progr
am Files/MiKTeX 2.9/fonts/type1/public/amsfonts/cm/cmbx12.pfb><C:/Program Files/
MiKTeX 2.9/fonts/type1/public/amsfonts/cm/cmex10.pfb><C:/Program Files/MiKTeX 2.
9/fonts/type1/public/amsfonts/cm/cmmi10.pfb><C:/Program Files/MiKTeX 2.9/fonts/t
ype1/public/amsfonts/cm/cmmi6.pfb><C:/Program Files/MiKTeX 2.9/fonts/type1/publi
c/amsfonts/cm/cmmi8.pfb><C:/Program Files/MiKTeX 2.9/fonts/type1/public/amsfonts
/cm/cmr10.pfb><C:/Program Files/MiKTeX 2.9/fonts/type1/public/amsfonts/cm/cmr12.
pfb><C:/Program Files/MiKTeX 2.9/fonts/type1/public/amsfonts/cm/cmr6.pfb><C:/Pro
gram Files/MiKTeX 2.9/fonts/type1/public/amsfonts/cm/cmr8.pfb><C:/Program Files/
MiKTeX 2.9/fonts/type1/public/amsfonts/cm/cmr9.pfb><C:/Program Files/MiKTeX 2.9/
fonts/type1/public/amsfonts/cm/cmsy10.pfb><C:/Program Files/MiKTeX 2.9/fonts/typ
e1/public/amsfonts/cm/cmsy6.pfb><C:/Program Files/MiKTeX 2.9/fonts/type1/public/
amsfonts/cm/cmsy8.pfb><C:/Program Files/MiKTeX 2.9/fonts/type1/public/amsfonts/c
m/cmti10.pfb>
Output written on Household narrow framing 7th.pdf (27 pages, 271420 bytes).

PDF statistics: 147 PDF objects out of 1000 (max. 8388607)
 0 named destinations out of 1000 (max. 131072)
 1 words of extra memory for PDF output out of 10000 (max. 100000000)

